<?xml version="1.0" encoding="UTF-8"?>
<!-- Generated by org.testng.reporters.JUnitReportReporter -->
<testsuite hostname="LAPTOP-HF7CHG09" failures="0" tests="4" name="automationScripts.AmazonFeatureTests" time="217.868" errors="0" timestamp="2024-06-11T22:40:37 EDT" skipped="0">
  <testcase classname="automationScripts.AmazonFeatureTests" name="verifyTitleOfThePage" time="177.944"/>
  <testcase classname="automationScripts.AmazonFeatureTests" name="searchProduct" time="11.123"/>
  <testcase classname="automationScripts.AmazonFeatureTests" name="getNthProduct" time="0.270"/>
  <testcase classname="automationScripts.AmazonFeatureTests" name="computerCheck" time="28.531"/>
</testsuite> <!-- automationScripts.AmazonFeatureTests -->
