<?xml version="1.0" encoding="UTF-8"?>
<!-- Generated by org.testng.reporters.JUnitReportReporter -->
<testsuite hostname="LAPTOP-HF7CHG09" failures="0" tests="4" name="automationScripts.AmazonFeatureTests" time="122.673" errors="0" timestamp="2024-05-30T12:10:15 EDT" skipped="0">
  <testcase classname="automationScripts.AmazonFeatureTests" name="verifyTitleOfThePage" time="100.112"/>
  <testcase classname="automationScripts.AmazonFeatureTests" name="searchProduct" time="12.355"/>
  <testcase classname="automationScripts.AmazonFeatureTests" name="getNthProduct" time="0.461"/>
  <testcase classname="automationScripts.AmazonFeatureTests" name="computerCheck" time="9.745"/>
</testsuite> <!-- automationScripts.AmazonFeatureTests -->
