<?xml version="1.0" encoding="UTF-8"?>
<!-- Generated by org.testng.reporters.JUnitReportReporter -->
<testsuite hostname="LAPTOP-HF7CHG09" failures="0" tests="4" name="automationScripts.AmazonFeatureTests" time="39.722" errors="0" timestamp="2024-06-11T20:57:17 EDT" skipped="0">
  <testcase classname="automationScripts.AmazonFeatureTests" name="verifyTitleOfThePage" time="10.097"/>
  <testcase classname="automationScripts.AmazonFeatureTests" name="searchProduct" time="9.009"/>
  <testcase classname="automationScripts.AmazonFeatureTests" name="getNthProduct" time="0.277"/>
  <testcase classname="automationScripts.AmazonFeatureTests" name="computerCheck" time="20.339"/>
</testsuite> <!-- automationScripts.AmazonFeatureTests -->
